# JRE version: OpenJDK Runtime Environment AdoptOpenJDK-11.0.11+9 (11.0.11+9) (build 11.0.11+9)
# Java VM: OpenJDK 64-Bit Server VM AdoptOpenJDK-11.0.11+9 (11.0.11+9, mixed mode, tiered, compressed oops, g1 gc, windows-amd64)
Heap:
 garbage-first heap   total 129024K, used 41653K [0x0000000083000000, 0x0000000100000000)
  region size 1024K, 20 young (20480K), 5 survivors (5120K)
 Metaspace       used 32203K, capacity 32846K, committed 33020K, reserved 1079296K
  class space    used 3514K, capacity 3818K, committed 3916K, reserved 1048576K
GC Heap History (6 events):
Event: 20.280 GC heap before
{Heap before GC invocations=0 (full 0):
 garbage-first heap   total 129024K, used 23552K [0x0000000083000000, 0x0000000100000000)
  region size 1024K, 23 young (23552K), 0 survivors (0K)
 Metaspace       used 20705K, capacity 21208K, committed 21296K, reserved 1069056K
  class space    used 2165K, capacity 2412K, committed 2432K, reserved 1048576K
}
Event: 20.289 GC heap after
{Heap after GC invocations=1 (full 0):
 garbage-first heap   total 129024K, used 8105K [0x0000000083000000, 0x0000000100000000)
  region size 1024K, 3 young (3072K), 3 survivors (3072K)
 Metaspace       used 20705K, capacity 21208K, committed 21296K, reserved 1069056K
  class space    used 2165K, capacity 2412K, committed 2432K, reserved 1048576K
}
Event: 30.895 GC heap before
{Heap before GC invocations=2 (full 0):
 garbage-first heap   total 129024K, used 14249K [0x0000000083000000, 0x0000000100000000)
  region size 1024K, 9 young (9216K), 3 survivors (3072K)
 Metaspace       used 23511K, capacity 24007K, committed 24188K, reserved 1071104K
  class space    used 2468K, capacity 2705K, committed 2764K, reserved 1048576K
}
Event: 30.903 GC heap after
{Heap after GC invocations=3 (full 0):
 garbage-first heap   total 129024K, used 10169K [0x0000000083000000, 0x0000000100000000)
  region size 1024K, 2 young (2048K), 2 survivors (2048K)
 Metaspace       used 23511K, capacity 24007K, committed 24188K, reserved 1071104K
  class space    used 2468K, capacity 2705K, committed 2764K, reserved 1048576K
}
Event: 55.832 GC heap before
{Heap before GC invocations=3 (full 0):
 garbage-first heap   total 129024K, used 44985K [0x0000000083000000, 0x0000000100000000)
  region size 1024K, 33 young (33792K), 2 survivors (2048K)
 Metaspace       used 30352K, capacity 30953K, committed 31100K, reserved 1077248K
  class space    used 3263K, capacity 3527K, committed 3532K, reserved 1048576K
}
Event: 55.836 GC heap after
{Heap after GC invocations=4 (full 0):
 garbage-first heap   total 129024K, used 16053K [0x0000000083000000, 0x0000000100000000)
  region size 1024K, 5 young (5120K), 5 survivors (5120K)
 Metaspace       used 30352K, capacity 30953K, committed 31100K, reserved 1077248K
  class space    used 3263K, capacity 3527K, committed 3532K, reserved 1048576K
}

