# JRE version: OpenJDK Runtime Environment AdoptOpenJDK-11.0.11+9 (11.0.11+9) (build 11.0.11+9)
# Java VM: OpenJDK 64-Bit Server VM AdoptOpenJDK-11.0.11+9 (11.0.11+9, mixed mode, tiered, compressed oops, g1 gc, windows-amd64)
Heap:
 garbage-first heap   total 129024K, used 49764K [0x0000000083000000, 0x0000000100000000)
  region size 1024K, 23 young (23552K), 7 survivors (7168K)
 Metaspace       used 32629K, capacity 33271K, committed 33584K, reserved 1079296K
  class space    used 3601K, capacity 3855K, committed 3968K, reserved 1048576K
GC Heap History (8 events):
Event: 24.189 GC heap before
{Heap before GC invocations=0 (full 0):
 garbage-first heap   total 129024K, used 29696K [0x0000000083000000, 0x0000000100000000)
  region size 1024K, 24 young (24576K), 0 survivors (0K)
 Metaspace       used 18982K, capacity 19385K, committed 19456K, reserved 1067008K
  class space    used 2033K, capacity 2235K, committed 2304K, reserved 1048576K
}
Event: 24.198 GC heap after
{Heap after GC invocations=1 (full 0):
 garbage-first heap   total 129024K, used 13334K [0x0000000083000000, 0x0000000100000000)
  region size 1024K, 3 young (3072K), 3 survivors (3072K)
 Metaspace       used 18982K, capacity 19385K, committed 19456K, reserved 1067008K
  class space    used 2033K, capacity 2235K, committed 2304K, reserved 1048576K
}
Event: 26.744 GC heap before
{Heap before GC invocations=1 (full 0):
 garbage-first heap   total 129024K, used 16406K [0x0000000083000000, 0x0000000100000000)
  region size 1024K, 6 young (6144K), 3 survivors (3072K)
 Metaspace       used 19065K, capacity 19513K, committed 19712K, reserved 1067008K
  class space    used 2034K, capacity 2235K, committed 2304K, reserved 1048576K
}
Event: 26.749 GC heap after
{Heap after GC invocations=2 (full 0):
 garbage-first heap   total 129024K, used 13924K [0x0000000083000000, 0x0000000100000000)
  region size 1024K, 1 young (1024K), 1 survivors (1024K)
 Metaspace       used 19065K, capacity 19513K, committed 19712K, reserved 1067008K
  class space    used 2034K, capacity 2235K, committed 2304K, reserved 1048576K
}
Event: 26.886 GC heap before
{Heap before GC invocations=2 (full 0):
 garbage-first heap   total 129024K, used 16996K [0x0000000083000000, 0x0000000100000000)
  region size 1024K, 5 young (5120K), 1 survivors (1024K)
 Metaspace       used 20785K, capacity 21180K, committed 21296K, reserved 1069056K
  class space    used 2177K, capacity 2387K, committed 2432K, reserved 1048576K
}
Event: 26.888 GC heap after
{Heap after GC invocations=3 (full 0):
 garbage-first heap   total 129024K, used 14105K [0x0000000083000000, 0x0000000100000000)
  region size 1024K, 1 young (1024K), 1 survivors (1024K)
 Metaspace       used 20785K, capacity 21180K, committed 21296K, reserved 1069056K
  class space    used 2177K, capacity 2387K, committed 2432K, reserved 1048576K
}
Event: 136.001 GC heap before
{Heap before GC invocations=4 (full 0):
 garbage-first heap   total 129024K, used 70425K [0x0000000083000000, 0x0000000100000000)
  region size 1024K, 50 young (51200K), 1 survivors (1024K)
 Metaspace       used 31590K, capacity 32215K, committed 32432K, reserved 1077248K
  class space    used 3481K, capacity 3737K, committed 3840K, reserved 1048576K
}
Event: 136.006 GC heap after
{Heap after GC invocations=5 (full 0):
 garbage-first heap   total 129024K, used 26212K [0x0000000083000000, 0x0000000100000000)
  region size 1024K, 7 young (7168K), 7 survivors (7168K)
 Metaspace       used 31590K, capacity 32215K, committed 32432K, reserved 1077248K
  class space    used 3481K, capacity 3737K, committed 3840K, reserved 1048576K
}

